<?xml version="1.0" encoding="UTF-8"?>
<!-- Generated by org.testng.reporters.JUnitXMLReporter -->
<testsuite ignored="0" hostname="DESKTOP-PCGMM1V" failures="0" tests="30" name="Surefire test" time="0.35" errors="0" timestamp="2023-12-14T15:08:44 EET">
  <testcase classname="ua.edu.lp.asu.pairwise.CaseTest" name="testMatched" time="0.016"/>
  <testcase classname="ua.edu.lp.asu.pairwise.CaseTest" name="testMatched" time="0.001"/>
  <testcase classname="ua.edu.lp.asu.pairwise.CaseTest" name="testMatched" time="0.001"/>
  <testcase classname="ua.edu.lp.asu.pairwise.CaseTest" name="testMatched" time="0.001"/>
  <testcase classname="ua.edu.lp.asu.pairwise.CaseTest" name="testMatched" time="0.001"/>
  <testcase classname="ua.edu.lp.asu.pairwise.CaseTest" name="testMatched" time="0.001"/>
  <testcase classname="ua.edu.lp.asu.pairwise.CaseTest" name="testMatched" time="0.0"/>
  <testcase classname="ua.edu.lp.asu.pairwise.CaseTest" name="testMatched" time="0.001"/>
  <testcase classname="ua.edu.lp.asu.pairwise.CaseTest" name="testNotMatched" time="0.0"/>
  <testcase classname="ua.edu.lp.asu.pairwise.CaseTest" name="testNotMatched" time="0.0"/>
  <testcase classname="ua.edu.lp.asu.pairwise.CaseTest" name="testNotMatched" time="0.0"/>
  <testcase classname="ua.edu.lp.asu.pairwise.CaseTest" name="testNotMatched" time="0.0"/>
  <testcase classname="ua.edu.lp.asu.pairwise.InParameterOrderStrategyTest" name="testGeneratePairs" time="0.03"/>
  <testcase classname="ua.edu.lp.asu.pairwise.InParameterOrderStrategyTest" name="testGeneratePairs" time="0.001"/>
  <testcase classname="ua.edu.lp.asu.pairwise.InParameterOrderStrategyTest" name="testHorizontalGrowth" time="0.022"/>
  <testcase classname="ua.edu.lp.asu.pairwise.InParameterOrderStrategyTest" name="testHorizontalGrowth" time="0.003"/>
  <testcase classname="ua.edu.lp.asu.pairwise.InParameterOrderStrategyTest" name="testVerticalGrowth" time="0.001"/>
  <testcase classname="ua.edu.lp.asu.pairwise.InParameterOrderStrategyTest" name="testVerticalGrowth" time="0.003"/>
  <testcase classname="ua.edu.lp.asu.pairwise.PairwiseTest" name="testBuild" time="0.014"/>
  <testcase classname="ua.edu.lp.asu.pairwise.PairwiseTest" name="testBuild" time="0.014"/>
  <testcase classname="ua.edu.lp.asu.pairwise.PairwiseTest" name="testBuild" time="0.015"/>
  <testcase classname="ua.edu.lp.asu.pairwise.PairwiseTest" name="testBuild" time="0.036"/>
  <testcase classname="ua.edu.lp.asu.pairwise.PairwiseTest" name="testOrder" time="0.005"/>
  <testcase classname="ua.edu.lp.asu.pairwise.PairwiseTest" name="testOrder" time="0.004"/>
  <testcase classname="ua.edu.lp.asu.pairwise.PairwiseTest" name="testOrder" time="0.005"/>
  <testcase classname="ua.edu.lp.asu.pairwise.PairwiseTest" name="testOrder" time="0.019"/>
  <testcase classname="ua.edu.lp.asu.pairwise.PairwiseTest" name="testVerify" time="0.008"/>
  <testcase classname="ua.edu.lp.asu.pairwise.PairwiseTest" name="testVerify" time="0.005"/>
  <testcase classname="ua.edu.lp.asu.pairwise.PairwiseTest" name="testVerify" time="0.006"/>
  <testcase classname="ua.edu.lp.asu.pairwise.PairwiseTest" name="testVerify" time="0.024"/>
</testsuite> <!-- Surefire test -->
