<?xml version="1.0" encoding="UTF-8"?>
<testsuite xmlns:xsi="http://www.w3.org/2001/XMLSchema-instance" xsi:noNamespaceSchemaLocation="https://maven.apache.org/surefire/maven-surefire-plugin/xsd/surefire-test-report-3.0.xsd" version="3.0" name="TestSuite" time="1.144" tests="30" errors="0" skipped="0" failures="0">
  <properties>
[...]
</properties>
  <testcase name="testMatched[{key1=8, key0=DVD}, {key1=8, key0=DVD}](1)" classname="ua.edu.lp.asu.pairwise.CaseTest" time="0.014">
    <system-err><![CDATA[SLF4J: Failed to load class "org.slf4j.impl.StaticLoggerBinder".
SLF4J: Defaulting to no-operation (NOP) logger implementation
SLF4J: See http://www.slf4j.org/codes.html#StaticLoggerBinder for further details.
]]></system-err>
  </testcase>
  <testcase name="testMatched[{key1=null, key2=UDF, key0=CD}, {key1=8, key2=UDF, key0=CD}](2)" classname="ua.edu.lp.asu.pairwise.CaseTest" time="0.0"/>
  <testcase name="testMatched[{key1=4, key2=ISO, key0=null, key3=null, key4=null}, {key1=4, key2=null, key0=null, key3=Start, key4=null}](3)" classname="ua.edu.lp.asu.pairwise.CaseTest" time="0.0"/>
  <testcase name="testMatched[{key1=null, key2=ISO, key0=null, key3=Start, key4=null}, {key1=4, key2=null, key0=null, key3=Start, key4=null}](4)" classname="ua.edu.lp.asu.pairwise.CaseTest" time="0.0"/>
  <testcase name="testMatched[{key1=null, key2=ISO, key0=null, key3=Start, key4=null}, {key1=4, key2=ISO, key0=DVD, key3=Start, key4=4.7Gb}](5)" classname="ua.edu.lp.asu.pairwise.CaseTest" time="0.0"/>
  <testcase name="testMatched[{key1=null, key2=ISO, key0=CD, key3=Start, key4=null}, {key1=4, key2=ISO, key0=null, key3=null, key4=null}](6)" classname="ua.edu.lp.asu.pairwise.CaseTest" time="0.0"/>
  <testcase name="testMatched[{key1=8, key2=UDF, key0=CD, key3=No, key4=700Mb}, {key1=8, key2=null, key0=null, key3=No, key4=700Mb}](7)" classname="ua.edu.lp.asu.pairwise.CaseTest" time="0.0"/>
  <testcase name="testMatched[{a=CD, c=UDF}, {a=CD, b=8, c=UDF}](8)" classname="ua.edu.lp.asu.pairwise.CaseTest" time="0.0"/>
  <testcase name="testNotMatched[{key1=4, key0=DVD}, {key1=8, key0=DVD}](1)" classname="ua.edu.lp.asu.pairwise.CaseTest" time="0.001"/>
  <testcase name="testNotMatched[{key1=4, key2=UDF, key0=CD}, {key1=8, key2=UDF, key0=DVD}](2)" classname="ua.edu.lp.asu.pairwise.CaseTest" time="0.001"/>
  <testcase name="testNotMatched[{key1=null, key2=UDF, key0=CD}, {key1=8, key2=UDF, key0=DVD}](3)" classname="ua.edu.lp.asu.pairwise.CaseTest" time="0.001"/>
  <testcase name="testNotMatched[{a=CD, c=UDF}, {a=CD, b=8, c=ISO}](4)" classname="ua.edu.lp.asu.pairwise.CaseTest" time="0.0"/>
  <testcase name="testGeneratePairs[[A: [a1, a2, a3], B: [b1, b2, b3], C: [c1, c2, c3]], [{A=a1, B=b1}, {A=a1, B=b2}, {A=a1, B=b3}, {A=a2, B=b1}, {A=a2, B=b2}, {A=a2, B=b3}, {A=a3, B=b1}, {A=a3, B=b2}, {A=a3, B=b3}, {A=a1, C=c1}, {A=a1, C=c2}, {A=a1, C=c3}, {A=a2, C=c1}, {A=a2, C=c2}, {A=a2, C=c3}, {A=a3, C=c1}, {A=a3, C=c2}, {A=a3, C=c3}, {B=b1, C=c1}, {B=b1, C=c2}, {B=b1, C=c3}, {B=b1, C=c1}, {B=b1, C=c2}, {B=b2, C=c3}, {B=b3, C=c1}, {B=b3, C=c2}, {B=b3, C=c3}]](1)" classname="ua.edu.lp.asu.pairwise.InParameterOrderStrategyTest" time="0.03"/>
  <testcase name="testGeneratePairs[[A: [a1, a2, a3], B: [b1, b2], C: [c1, c2, c3, c4]], [{A=a1, B=b1}, {A=a1, B=b2}, {A=a2, B=b1}, {A=a2, B=b2}, {A=a2, B=b1}, {A=a2, B=b2}, {A=a1, C=c1}, {A=a1, C=c2}, {A=a1, C=c3}, {A=a1, C=c4}, {A=a2, C=c1}, {A=a2, C=c2}, {A=a2, C=c3}, {A=a2, C=c4}, {A=a3, C=c1}, {A=a3, C=c2}, {A=a3, C=c3}, {A=a3, C=c4}, {B=b1, C=c1}, {B=b1, C=c2}, {B=b1, C=c3}, {B=b1, C=c4}, {B=b2, C=c1}, {B=b2, C=c2}, {B=b2, C=c3}, {B=b2, C=c4}]](2)" classname="ua.edu.lp.asu.pairwise.InParameterOrderStrategyTest" time="0.001"/>
  <testcase name="testHorizontalGrowth[[{A=a1, B=b1, C=c1}], [{A=a1, C=c1}, {B=b1, C=c1}], [{A=a1, B=b1, C=c1}]](1)" classname="ua.edu.lp.asu.pairwise.InParameterOrderStrategyTest" time="0.021"/>
  <testcase name="testHorizontalGrowth[[{A=a1, B=b1, C=c3}, {A=a1, B=b2, C=c1}, {A=a1, B=b3, C=c2}, {A=a2, B=b1, C=c1}, {A=a2, B=b2, C=c3}, {A=a2, B=b3, C=c3}, {A=a3, B=b1, C=c2}, {A=a3, B=b2, C=c3}, {A=a3, B=b3, C=c1}], [{A=a1, C=c1}, {A=a1, C=c2}, {A=a1, C=c3}, {A=a2, C=c1}, {A=a2, C=c3}, {A=a3, C=c1}, {A=a3, C=c2}, {A=a3, C=c3}, {B=b1, C=c1}, {B=b1, C=c2}, {B=b1, C=c3}, {B=b2, C=c1}, {B=b2, C=c3}, {B=b3, C=c1}, {B=b3, C=c2}, {B=b3, C=c3}], [{A=a1, B=b1, C=c3}, {A=a1, B=b2, C=c1}, {A=a1, B=b3, C=c2}, {A=a2, B=b1, C=c1}, {A=a2, B=b2, C=c3}, {A=a2, B=b3, C=c3}, {A=a3, B=b1, C=c2}, {A=a3, B=b2, C=c3}, {A=a3, B=b3, C=c1}]](2)" classname="ua.edu.lp.asu.pairwise.InParameterOrderStrategyTest" time="0.004"/>
  <testcase name="testVerticalGrowth[[{A=a1, B=b1, C=c1}, {B=b1, C=c1}], [{A=a1, B=b1, C=c1}]](1)" classname="ua.edu.lp.asu.pairwise.InParameterOrderStrategyTest" time="0.002"/>
  <testcase name="testVerticalGrowth[[{A=a1, C=c1, B=b1}, {A=a1, C=c2, B=b1}, {A=a1, C=c3, B=b1}, {A=a2, C=c1, B=b2}, {A=a2, C=c2, B=b2}, {A=a2, C=c3, B=b2}, {A=a3, C=c1, B=b3}, {A=a3, C=c2, B=b3}, {A=a3, C=c3, B=b3}, {B=b1, C=c1}, {B=b1, C=c2}, {B=b1, C=c3}, {B=b2, C=c1}, {B=b2, C=c2}, {B=b2, C=c3}, {B=b3, C=c1}, {B=b3, C=c2}, {B=b3, C=c3}], [{A=a1, B=b1, C=c1}, {A=a1, B=b1, C=c2}, {A=a1, B=b1, C=c3}, {A=a2, B=b2, C=c1}, {A=a2, B=b2, C=c2}, {A=a2, B=b2, C=c3}, {A=a3, B=b3, C=c1}, {A=a3, B=b3, C=c2}, {A=a3, B=b3, C=c3}]](2)" classname="ua.edu.lp.asu.pairwise.InParameterOrderStrategyTest" time="0.002"/>
  <testcase name="testBuild[[A: [a1, a2, a3], B: [b1, b2, b3], C: [c1, c2, c3]]](1)" classname="ua.edu.lp.asu.pairwise.PairwiseTest" time="0.014"/>
  <testcase name="testBuild[[Browser: [Chrome, Firefox, Internet Explorer, Safari], Page: [Link, Image, Description], Product: [Phone, Movie, Computer, Blender, Microwave, Book, Sweater], Click: [Link, Image, Description]]](2)" classname="ua.edu.lp.asu.pairwise.PairwiseTest" time="0.015"/>
  <testcase name="testBuild[[Type: [CD, DVD], Recording Speed: [2, 4, 8, 16, 24, 36, 52], File System: [ISO, UDF, HFS, ISO9660], Multisession: [No, Start, Continue], Capacity: [100Mb, 700Mb, 4.7Gb]]](3)" classname="ua.edu.lp.asu.pairwise.PairwiseTest" time="0.015"/>
  <testcase name="testBuild[[Type: [Primary, Logical, Single, Span, Stripe, Mirror, RAID-5], Size: [10, 100, 500, 1000, 5000, 10000, 40000], Format method: [quick, slow], File system: [FAT, FAT32, NTFS], Cluster size: [512, 1024, 2048, 4096, 8192, 16384, 32768, 65536], Compression: [true, false]]](4)" classname="ua.edu.lp.asu.pairwise.PairwiseTest" time="0.036"/>
  <testcase name="testOrder[[A: [a1, a2, a3], B: [b1, b2, b3], C: [c1, c2, c3]]](1)" classname="ua.edu.lp.asu.pairwise.PairwiseTest" time="0.005"/>
  <testcase name="testOrder[[Browser: [Chrome, Firefox, Internet Explorer, Safari], Page: [Link, Image, Description], Product: [Phone, Movie, Computer, Blender, Microwave, Book, Sweater], Click: [Link, Image, Description]]](2)" classname="ua.edu.lp.asu.pairwise.PairwiseTest" time="0.005"/>
  <testcase name="testOrder[[Type: [CD, DVD], Recording Speed: [2, 4, 8, 16, 24, 36, 52], File System: [ISO, UDF, HFS, ISO9660], Multisession: [No, Start, Continue], Capacity: [100Mb, 700Mb, 4.7Gb]]](3)" classname="ua.edu.lp.asu.pairwise.PairwiseTest" time="0.006"/>
  <testcase name="testOrder[[Type: [Primary, Logical, Single, Span, Stripe, Mirror, RAID-5], Size: [10, 100, 500, 1000, 5000, 10000, 40000], Format method: [quick, slow], File system: [FAT, FAT32, NTFS], Cluster size: [512, 1024, 2048, 4096, 8192, 16384, 32768, 65536], Compression: [true, false]]](4)" classname="ua.edu.lp.asu.pairwise.PairwiseTest" time="0.019"/>
  <testcase name="testVerify[[A: [a1, a2, a3], B: [b1, b2, b3], C: [c1, c2, c3]]](1)" classname="ua.edu.lp.asu.pairwise.PairwiseTest" time="0.008"/>
  <testcase name="testVerify[[Browser: [Chrome, Firefox, Internet Explorer, Safari], Page: [Link, Image, Description], Product: [Phone, Movie, Computer, Blender, Microwave, Book, Sweater], Click: [Link, Image, Description]]](2)" classname="ua.edu.lp.asu.pairwise.PairwiseTest" time="0.006"/>
  <testcase name="testVerify[[Type: [CD, DVD], Recording Speed: [2, 4, 8, 16, 24, 36, 52], File System: [ISO, UDF, HFS, ISO9660], Multisession: [No, Start, Continue], Capacity: [100Mb, 700Mb, 4.7Gb]]](3)" classname="ua.edu.lp.asu.pairwise.PairwiseTest" time="0.006"/>
  <testcase name="testVerify[[Type: [Primary, Logical, Single, Span, Stripe, Mirror, RAID-5], Size: [10, 100, 500, 1000, 5000, 10000, 40000], Format method: [quick, slow], File system: [FAT, FAT32, NTFS], Cluster size: [512, 1024, 2048, 4096, 8192, 16384, 32768, 65536], Compression: [true, false]]](4)" classname="ua.edu.lp.asu.pairwise.PairwiseTest" time="0.024"/>
</testsuite>